22:05:52: Creating resource group General
22:05:52: Creating resource group Internal
22:05:52: Creating resource group Autodetect
22:05:52: SceneManagerFactory for type 'DefaultSceneManager' registered.
22:05:52: Registering ResourceManager for type Material
22:05:52: Registering ResourceManager for type Mesh
22:05:52: Registering ResourceManager for type Skeleton
22:05:52: MovableObjectFactory for type 'ParticleSystem' registered.
22:05:52: OverlayElementFactory for type Panel registered.
22:05:52: OverlayElementFactory for type BorderPanel registered.
22:05:52: OverlayElementFactory for type TextArea registered.
22:05:52: Registering ResourceManager for type Font
22:05:52: ArchiveFactory for archive type FileSystem registered.
22:05:52: ArchiveFactory for archive type Zip registered.
22:05:52: FreeImage version: 3.9.2
22:05:52: This program uses FreeImage, a free, open source image library supporting all common bitmap formats. See http://freeimage.sourceforge.net for details
22:05:52: Supported formats: bmp,ico,jpg,jif,jpeg,jpe,jng,koa,iff,lbm,mng,pbm,pbm,pcd,pcx,pgm,pgm,png,ppm,ppm,ras,tga,targa,tif,tiff,wap,wbmp,wbm,psd,cut,xbm,xpm,gif,hdr,g3,sgi
22:05:52: DDS codec registering
22:05:52: Registering ResourceManager for type HighLevelGpuProgram
22:05:52: Registering ResourceManager for type Compositor
22:05:52: MovableObjectFactory for type 'Entity' registered.
22:05:52: MovableObjectFactory for type 'Light' registered.
22:05:52: MovableObjectFactory for type 'BillboardSet' registered.
22:05:52: MovableObjectFactory for type 'ManualObject' registered.
22:05:52: MovableObjectFactory for type 'BillboardChain' registered.
22:05:52: MovableObjectFactory for type 'RibbonTrail' registered.
22:05:52: Loading library .\RenderSystem_Direct3D9
